Dec-03 19:59:16.010 [main] DEBUG nextflow.cli.Launcher - $> nextflow run main.nf -with-report -with-timeline -with-dag nextflow_dag.png
Dec-03 19:59:16.337 [main] INFO  nextflow.cli.CmdRun - N E X T F L O W  ~  version 21.04.0
Dec-03 19:59:16.388 [main] INFO  nextflow.cli.CmdRun - Launching `main.nf` [marvelous_lumiere] - revision: f3d465f25f
Dec-03 19:59:16.438 [main] DEBUG nextflow.config.ConfigBuilder - Found config local: /home/dinesh/TUT/workshop-reproducible-research/tutorials/nextflow/nextflow.config
Dec-03 19:59:16.440 [main] DEBUG nextflow.config.ConfigBuilder - Parsing config file: /home/dinesh/TUT/workshop-reproducible-research/tutorials/nextflow/nextflow.config
Dec-03 19:59:16.532 [main] DEBUG nextflow.config.ConfigBuilder - Applying config profile: `standard`
Dec-03 19:59:17.727 [main] DEBUG nextflow.plugin.PluginsFacade - Setting up plugin manager > mode=prod; plugins-dir=/home/dinesh/.nextflow/plugins
Dec-03 19:59:17.729 [main] DEBUG nextflow.plugin.PluginsFacade - Plugins default=[]
Dec-03 19:59:17.734 [main] DEBUG nextflow.plugin.PluginsFacade - Plugins local root: .nextflow/plr/empty
Dec-03 19:59:17.749 [main] INFO  org.pf4j.DefaultPluginStatusProvider - Enabled plugins: []
Dec-03 19:59:17.751 [main] INFO  org.pf4j.DefaultPluginStatusProvider - Disabled plugins: []
Dec-03 19:59:17.759 [main] INFO  org.pf4j.DefaultPluginManager - PF4J version 3.4.1 in 'deployment' mode
Dec-03 19:59:17.780 [main] INFO  org.pf4j.AbstractPluginManager - No plugins
Dec-03 19:59:17.894 [main] DEBUG nextflow.Session - Session uuid: 0344a5b9-3cf5-4a77-b1a8-26a4f4482922
Dec-03 19:59:17.895 [main] DEBUG nextflow.Session - Run name: marvelous_lumiere
Dec-03 19:59:17.896 [main] DEBUG nextflow.Session - Executor pool size: 2
Dec-03 19:59:17.989 [main] DEBUG nextflow.cli.CmdRun - 
  Version: 21.04.0 build 5552
  Created: 02-05-2021 16:22 UTC (21:52 IDT)
  System: Linux 5.11.0-41-generic
  Runtime: Groovy 3.0.7 on OpenJDK 64-Bit Server VM 11.0.9.1-internal+0-adhoc..src
  Encoding: UTF-8 (UTF-8)
  Process: 10978@dinu [127.0.1.1]
  CPUs: 2 - Mem: 1.9 GB (190.3 MB) - Swap: 2 GB (1.7 GB)
Dec-03 19:59:18.083 [main] DEBUG nextflow.Session - Work-dir: /home/dinesh/TUT/workshop-reproducible-research/tutorials/nextflow/work [ext2/ext3]
Dec-03 19:59:18.084 [main] DEBUG nextflow.Session - Script base path does not exist or is not a directory: /home/dinesh/TUT/workshop-reproducible-research/tutorials/nextflow/bin
Dec-03 19:59:18.112 [main] DEBUG nextflow.executor.ExecutorFactory - Extension executors providers=[]
Dec-03 19:59:18.141 [main] DEBUG nextflow.Session - Observer factory: DefaultObserverFactory
Dec-03 19:59:18.657 [main] DEBUG nextflow.Session - Session start invoked
Dec-03 19:59:21.064 [main] DEBUG nextflow.script.ScriptRunner - > Launching execution
Dec-03 19:59:21.152 [main] DEBUG nextflow.Session - Workflow process names [dsl2]: GENERATE_COUNTS_TABLE, GET_GENOME_FASTA, RUN_MULTIQC, ALIGN_TO_GENOME, RUN_FASTQC, SORT_BAM, GET_SRA_BY_ACCESSION, GET_GENOME_GFF3, INDEX_GENOME
Dec-03 19:59:21.398 [main] DEBUG nextflow.executor.ExecutorFactory - << taskConfig executor: null
Dec-03 19:59:21.399 [main] DEBUG nextflow.executor.ExecutorFactory - >> processorType: 'local'
Dec-03 19:59:21.409 [main] DEBUG nextflow.executor.Executor - [warm up] executor > local
Dec-03 19:59:21.425 [main] DEBUG n.processor.LocalPollingMonitor - Creating local task monitor for executor 'local' > cpus=2; memory=1.9 GB; capacity=2; pollInterval=100ms; dumpInterval=5m
Dec-03 19:59:21.682 [main] DEBUG nextflow.executor.ExecutorFactory - << taskConfig executor: null
Dec-03 19:59:21.683 [main] DEBUG nextflow.executor.ExecutorFactory - >> processorType: 'local'
Dec-03 19:59:21.753 [main] DEBUG nextflow.executor.ExecutorFactory - << taskConfig executor: null
Dec-03 19:59:21.753 [main] DEBUG nextflow.executor.ExecutorFactory - >> processorType: 'local'
Dec-03 19:59:21.789 [main] DEBUG nextflow.executor.ExecutorFactory - << taskConfig executor: null
Dec-03 19:59:21.792 [main] DEBUG nextflow.executor.ExecutorFactory - >> processorType: 'local'
Dec-03 19:59:21.804 [main] DEBUG nextflow.executor.ExecutorFactory - << taskConfig executor: null
Dec-03 19:59:21.804 [main] DEBUG nextflow.executor.ExecutorFactory - >> processorType: 'local'
Dec-03 19:59:21.825 [main] DEBUG nextflow.executor.ExecutorFactory - << taskConfig executor: null
Dec-03 19:59:21.826 [main] DEBUG nextflow.executor.ExecutorFactory - >> processorType: 'local'
Dec-03 19:59:21.839 [main] DEBUG nextflow.executor.ExecutorFactory - << taskConfig executor: null
Dec-03 19:59:21.840 [main] DEBUG nextflow.executor.ExecutorFactory - >> processorType: 'local'
Dec-03 19:59:21.862 [main] DEBUG nextflow.executor.ExecutorFactory - << taskConfig executor: null
Dec-03 19:59:21.862 [main] DEBUG nextflow.executor.ExecutorFactory - >> processorType: 'local'
Dec-03 19:59:21.881 [main] DEBUG nextflow.executor.ExecutorFactory - << taskConfig executor: null
Dec-03 19:59:21.881 [main] DEBUG nextflow.executor.ExecutorFactory - >> processorType: 'local'
Dec-03 19:59:21.895 [main] DEBUG nextflow.Session - Ignite dataflow network (10)
Dec-03 19:59:21.896 [main] DEBUG nextflow.processor.TaskProcessor - Starting process > GET_SRA_BY_ACCESSION
Dec-03 19:59:21.903 [main] DEBUG nextflow.processor.TaskProcessor - Starting process > RUN_FASTQC
Dec-03 19:59:21.913 [main] DEBUG nextflow.processor.TaskProcessor - Starting process > RUN_MULTIQC
Dec-03 19:59:21.916 [main] DEBUG nextflow.processor.TaskProcessor - Starting process > GET_GENOME_FASTA
Dec-03 19:59:21.917 [main] DEBUG nextflow.processor.TaskProcessor - Starting process > INDEX_GENOME
Dec-03 19:59:21.918 [main] DEBUG nextflow.processor.TaskProcessor - Starting process > ALIGN_TO_GENOME
Dec-03 19:59:21.918 [main] DEBUG nextflow.processor.TaskProcessor - Starting process > SORT_BAM
Dec-03 19:59:21.919 [main] DEBUG nextflow.processor.TaskProcessor - Starting process > GET_GENOME_GFF3
Dec-03 19:59:21.919 [main] DEBUG nextflow.processor.TaskProcessor - Starting process > GENERATE_COUNTS_TABLE
Dec-03 19:59:21.921 [main] DEBUG nextflow.script.ScriptRunner - > Await termination 
Dec-03 19:59:21.922 [main] DEBUG nextflow.Session - Session await
Dec-03 19:59:22.376 [Task submitter] DEBUG nextflow.executor.LocalTaskHandler - Launch cmd line: /bin/bash -ue .command.run
Dec-03 19:59:22.409 [Task submitter] INFO  nextflow.Session - [65/33fda7] Submitted process > GET_GENOME_FASTA
Dec-03 19:59:22.463 [Task submitter] DEBUG nextflow.executor.LocalTaskHandler - Launch cmd line: /bin/bash -ue .command.run
Dec-03 19:59:22.473 [Task submitter] INFO  nextflow.Session - [66/a881c5] Submitted process > GET_GENOME_GFF3
Dec-03 19:59:26.165 [Task monitor] DEBUG n.processor.TaskPollingMonitor - Task completed > TaskHandler[id: 3; name: GET_GENOME_GFF3; status: COMPLETED; exit: 0; error: -; workDir: /home/dinesh/TUT/workshop-reproducible-research/tutorials/nextflow/work/66/a881c52aef0e07a06a7ab8ab4b4523]
Dec-03 19:59:26.178 [Task submitter] DEBUG nextflow.executor.LocalTaskHandler - Launch cmd line: /bin/bash -ue .command.run
Dec-03 19:59:26.186 [Task submitter] INFO  nextflow.Session - [9c/66e14b] Submitted process > GET_SRA_BY_ACCESSION (SRR935090)
Dec-03 19:59:26.294 [Task monitor] DEBUG n.util.BlockingThreadExecutorFactory - Thread pool name=FileTransfer; maxThreads=6; maxQueueSize=18; keepAlive=1m
Dec-03 19:59:27.840 [Task monitor] DEBUG n.processor.TaskPollingMonitor - Task completed > TaskHandler[id: 4; name: GET_GENOME_FASTA; status: COMPLETED; exit: 0; error: -; workDir: /home/dinesh/TUT/workshop-reproducible-research/tutorials/nextflow/work/65/33fda7b61523093a661dc5b6d0fdab]
Dec-03 19:59:27.871 [Task submitter] DEBUG nextflow.executor.LocalTaskHandler - Launch cmd line: /bin/bash -ue .command.run
Dec-03 19:59:27.879 [Task submitter] INFO  nextflow.Session - [08/6be931] Submitted process > GET_SRA_BY_ACCESSION (SRR935091)
Dec-03 19:59:38.506 [Task monitor] DEBUG n.processor.TaskPollingMonitor - Task completed > TaskHandler[id: 2; name: GET_SRA_BY_ACCESSION (SRR935091); status: COMPLETED; exit: 0; error: -; workDir: /home/dinesh/TUT/workshop-reproducible-research/tutorials/nextflow/work/08/6be931b00270503cb95f58cb20821c]
Dec-03 19:59:38.526 [Task submitter] DEBUG nextflow.executor.LocalTaskHandler - Launch cmd line: /bin/bash -ue .command.run
Dec-03 19:59:38.538 [Task submitter] INFO  nextflow.Session - [ac/1bf155] Submitted process > GET_SRA_BY_ACCESSION (SRR935092)
Dec-03 19:59:39.077 [Task monitor] DEBUG n.processor.TaskPollingMonitor - Task completed > TaskHandler[id: 1; name: GET_SRA_BY_ACCESSION (SRR935090); status: COMPLETED; exit: 0; error: -; workDir: /home/dinesh/TUT/workshop-reproducible-research/tutorials/nextflow/work/9c/66e14b5f7c114417b386802177aa10]
Dec-03 19:59:39.100 [Task submitter] DEBUG nextflow.executor.LocalTaskHandler - Launch cmd line: /bin/bash -ue .command.run
Dec-03 19:59:39.108 [Task submitter] INFO  nextflow.Session - [57/78f2a3] Submitted process > INDEX_GENOME
Dec-03 19:59:44.168 [Task monitor] DEBUG n.processor.TaskPollingMonitor - Task completed > TaskHandler[id: 6; name: INDEX_GENOME; status: COMPLETED; exit: 0; error: -; workDir: /home/dinesh/TUT/workshop-reproducible-research/tutorials/nextflow/work/57/78f2a34de1929a2a041eaa5b579eea]
Dec-03 19:59:44.185 [Task submitter] DEBUG nextflow.executor.LocalTaskHandler - Launch cmd line: /bin/bash -ue .command.run
Dec-03 19:59:44.186 [Task submitter] INFO  nextflow.Session - [74/56b6a8] Submitted process > RUN_FASTQC (SRR935091)
Dec-03 19:59:51.330 [Task monitor] DEBUG n.processor.TaskPollingMonitor - Task completed > TaskHandler[id: 7; name: RUN_FASTQC (SRR935091); status: COMPLETED; exit: 0; error: -; workDir: /home/dinesh/TUT/workshop-reproducible-research/tutorials/nextflow/work/74/56b6a86cb22e247514029c664c57e4]
Dec-03 19:59:51.353 [Task submitter] DEBUG nextflow.executor.LocalTaskHandler - Launch cmd line: /bin/bash -ue .command.run
Dec-03 19:59:51.354 [Task submitter] INFO  nextflow.Session - [7d/fe008a] Submitted process > RUN_FASTQC (SRR935090)
Dec-03 19:59:52.944 [Task monitor] DEBUG n.processor.TaskPollingMonitor - Task completed > TaskHandler[id: 5; name: GET_SRA_BY_ACCESSION (SRR935092); status: COMPLETED; exit: 0; error: -; workDir: /home/dinesh/TUT/workshop-reproducible-research/tutorials/nextflow/work/ac/1bf1552cd839f147f345ab6cf8db6d]
Dec-03 19:59:52.952 [Task submitter] DEBUG nextflow.executor.LocalTaskHandler - Launch cmd line: /bin/bash -ue .command.run
Dec-03 19:59:52.953 [Task submitter] INFO  nextflow.Session - [ab/fa7fbf] Submitted process > ALIGN_TO_GENOME (SRR935090)
Dec-03 19:59:56.174 [Task monitor] DEBUG n.processor.TaskPollingMonitor - Task completed > TaskHandler[id: 9; name: ALIGN_TO_GENOME (SRR935090); status: COMPLETED; exit: 0; error: -; workDir: /home/dinesh/TUT/workshop-reproducible-research/tutorials/nextflow/work/ab/fa7fbfe3b44a239537ecd134c965df]
Dec-03 19:59:56.190 [Task submitter] DEBUG nextflow.executor.LocalTaskHandler - Launch cmd line: /bin/bash -ue .command.run
Dec-03 19:59:56.194 [Task submitter] INFO  nextflow.Session - [21/9ccc99] Submitted process > ALIGN_TO_GENOME (SRR935091)
Dec-03 19:59:59.103 [Task monitor] DEBUG n.processor.TaskPollingMonitor - Task completed > TaskHandler[id: 10; name: ALIGN_TO_GENOME (SRR935091); status: COMPLETED; exit: 0; error: -; workDir: /home/dinesh/TUT/workshop-reproducible-research/tutorials/nextflow/work/21/9ccc99de0ad0fd8a83404704fb143c]
Dec-03 19:59:59.116 [Task submitter] DEBUG nextflow.executor.LocalTaskHandler - Launch cmd line: /bin/bash -ue .command.run
Dec-03 19:59:59.128 [Task submitter] INFO  nextflow.Session - [20/74c32a] Submitted process > RUN_FASTQC (SRR935092)
Dec-03 19:59:59.200 [Task monitor] DEBUG n.processor.TaskPollingMonitor - Task completed > TaskHandler[id: 8; name: RUN_FASTQC (SRR935090); status: COMPLETED; exit: 0; error: -; workDir: /home/dinesh/TUT/workshop-reproducible-research/tutorials/nextflow/work/7d/fe008a34fbf9d96dbe89aed8703a39]
Dec-03 19:59:59.208 [Task submitter] DEBUG nextflow.executor.LocalTaskHandler - Launch cmd line: /bin/bash -ue .command.run
Dec-03 19:59:59.212 [Task submitter] INFO  nextflow.Session - [c5/711d0f] Submitted process > ALIGN_TO_GENOME (SRR935092)
Dec-03 20:00:01.833 [Task monitor] DEBUG n.processor.TaskPollingMonitor - Task completed > TaskHandler[id: 11; name: ALIGN_TO_GENOME (SRR935092); status: COMPLETED; exit: 0; error: -; workDir: /home/dinesh/TUT/workshop-reproducible-research/tutorials/nextflow/work/c5/711d0ffe7d9b6a10d2db055865d6b5]
Dec-03 20:00:01.839 [Task submitter] DEBUG nextflow.executor.LocalTaskHandler - Launch cmd line: /bin/bash -ue .command.run
Dec-03 20:00:01.839 [Task submitter] INFO  nextflow.Session - [bc/692d56] Submitted process > SORT_BAM (SRR935090)
Dec-03 20:00:02.782 [Task monitor] DEBUG n.processor.TaskPollingMonitor - Task completed > TaskHandler[id: 13; name: SORT_BAM (SRR935090); status: COMPLETED; exit: 0; error: -; workDir: /home/dinesh/TUT/workshop-reproducible-research/tutorials/nextflow/work/bc/692d5622012d97243a70f1839445d1]
Dec-03 20:00:02.811 [Task submitter] DEBUG nextflow.executor.LocalTaskHandler - Launch cmd line: /bin/bash -ue .command.run
Dec-03 20:00:02.817 [Task submitter] INFO  nextflow.Session - [0e/53ee65] Submitted process > SORT_BAM (SRR935091)
Dec-03 20:00:03.307 [Task monitor] DEBUG n.processor.TaskPollingMonitor - Task completed > TaskHandler[id: 14; name: SORT_BAM (SRR935091); status: COMPLETED; exit: 0; error: -; workDir: /home/dinesh/TUT/workshop-reproducible-research/tutorials/nextflow/work/0e/53ee65fe242da497170398c1eaeb45]
Dec-03 20:00:03.314 [Task submitter] DEBUG nextflow.executor.LocalTaskHandler - Launch cmd line: /bin/bash -ue .command.run
Dec-03 20:00:03.325 [Task submitter] INFO  nextflow.Session - [38/1810b7] Submitted process > SORT_BAM (SRR935092)
Dec-03 20:00:03.823 [Task monitor] DEBUG n.processor.TaskPollingMonitor - Task completed > TaskHandler[id: 15; name: SORT_BAM (SRR935092); status: COMPLETED; exit: 0; error: -; workDir: /home/dinesh/TUT/workshop-reproducible-research/tutorials/nextflow/work/38/1810b7e082bcf99ece22edb5a0968a]
Dec-03 20:00:03.905 [Task submitter] DEBUG nextflow.executor.LocalTaskHandler - Launch cmd line: /bin/bash -ue .command.run
Dec-03 20:00:03.907 [Task submitter] INFO  nextflow.Session - [ad/4e5a88] Submitted process > GENERATE_COUNTS_TABLE
Dec-03 20:00:04.449 [Task monitor] DEBUG n.processor.TaskPollingMonitor - Task completed > TaskHandler[id: 16; name: GENERATE_COUNTS_TABLE; status: COMPLETED; exit: 0; error: -; workDir: /home/dinesh/TUT/workshop-reproducible-research/tutorials/nextflow/work/ad/4e5a88215e54ae26f3293062cb6c01]
Dec-03 20:00:05.149 [Task monitor] DEBUG n.processor.TaskPollingMonitor - Task completed > TaskHandler[id: 12; name: RUN_FASTQC (SRR935092); status: COMPLETED; exit: 0; error: -; workDir: /home/dinesh/TUT/workshop-reproducible-research/tutorials/nextflow/work/20/74c32abb5729c1098f4ed3e5acba20]
Dec-03 20:00:05.195 [Task submitter] DEBUG nextflow.executor.LocalTaskHandler - Launch cmd line: /bin/bash -ue .command.run
Dec-03 20:00:05.196 [Task submitter] INFO  nextflow.Session - [44/73931a] Submitted process > RUN_MULTIQC
Dec-03 20:00:22.736 [Task monitor] DEBUG n.processor.TaskPollingMonitor - Task completed > TaskHandler[id: 17; name: RUN_MULTIQC; status: COMPLETED; exit: 0; error: -; workDir: /home/dinesh/TUT/workshop-reproducible-research/tutorials/nextflow/work/44/73931a3bf6750ba8cbe11b21cc773f]
Dec-03 20:00:22.748 [main] DEBUG nextflow.Session - Session await > all process finished
Dec-03 20:00:22.751 [main] DEBUG nextflow.Session - Session await > all barriers passed
Dec-03 20:00:22.764 [main] DEBUG nextflow.trace.WorkflowStatsObserver - Workflow completed > WorkflowStats[succeededCount=17; failedCount=0; ignoredCount=0; cachedCount=0; pendingCount=0; submittedCount=0; runningCount=0; retriesCount=0; abortedCount=0; succeedDuration=1m 38s; failedDuration=0ms; cachedDuration=0ms;loadCpus=0; loadMemory=0; peakRunning=2; peakCpus=2; peakMemory=0; ]
Dec-03 20:00:22.764 [main] DEBUG nextflow.trace.ReportObserver - Flow completing -- rendering html report
Dec-03 20:00:22.968 [main] DEBUG nextflow.trace.ReportObserver - Execution report summary data:
  [{"cpuUsage":{"mean":1.1,"min":1.1,"q1":1.1,"q2":1.1,"q3":1.1,"max":1.1,"minLabel":"GET_GENOME_GFF3","maxLabel":"GET_GENOME_GFF3","q1Label":"GET_GENOME_GFF3","q2Label":"GET_GENOME_GFF3","q3Label":"GET_GENOME_GFF3"},"process":"GET_GENOME_GFF3","mem":{"mean":8048640,"min":8048640,"q1":8048640,"q2":8048640,"q3":8048640,"max":8048640,"minLabel":"GET_GENOME_GFF3","maxLabel":"GET_GENOME_GFF3","q1Label":"GET_GENOME_GFF3","q2Label":"GET_GENOME_GFF3","q3Label":"GET_GENOME_GFF3"},"memUsage":null,"timeUsage":null,"vmem":{"mean":42131456,"min":42131456,"q1":42131456,"q2":42131456,"q3":42131456,"max":42131456,"minLabel":"GET_GENOME_GFF3","maxLabel":"GET_GENOME_GFF3","q1Label":"GET_GENOME_GFF3","q2Label":"GET_GENOME_GFF3","q3Label":"GET_GENOME_GFF3"},"reads":{"mean":284165,"min":284165,"q1":284165,"q2":284165,"q3":284165,"max":284165,"minLabel":"GET_GENOME_GFF3","maxLabel":"GET_GENOME_GFF3","q1Label":"GET_GENOME_GFF3","q2Label":"GET_GENOME_GFF3","q3Label":"GET_GENOME_GFF3"},"cpu":{"mean":1.1,"min":1.1,"q1":1.1,"q2":1.1,"q3":1.1,"max":1.1,"minLabel":"GET_GENOME_GFF3","maxLabel":"GET_GENOME_GFF3","q1Label":"GET_GENOME_GFF3","q2Label":"GET_GENOME_GFF3","q3Label":"GET_GENOME_GFF3"},"time":{"mean":3548,"min":3548,"q1":3548,"q2":3548,"q3":3548,"max":3548,"minLabel":"GET_GENOME_GFF3","maxLabel":"GET_GENOME_GFF3","q1Label":"GET_GENOME_GFF3","q2Label":"GET_GENOME_GFF3","q3Label":"GET_GENOME_GFF3"},"writes":{"mean":194431,"min":194431,"q1":194431,"q2":194431,"q3":194431,"max":194431,"minLabel":"GET_GENOME_GFF3","maxLabel":"GET_GENOME_GFF3","q1Label":"GET_GENOME_GFF3","q2Label":"GET_GENOME_GFF3","q3Label":"GET_GENOME_GFF3"}},{"cpuUsage":{"mean":1,"min":1,"q1":1,"q2":1,"q3":1,"max":1,"minLabel":"GET_GENOME_FASTA","maxLabel":"GET_GENOME_FASTA","q1Label":"GET_GENOME_FASTA","q2Label":"GET_GENOME_FASTA","q3Label":"GET_GENOME_FASTA"},"process":"GET_GENOME_FASTA","mem":{"mean":8077312,"min":8077312,"q1":8077312,"q2":8077312,"q3":8077312,"max":8077312,"minLabel":"GET_GENOME_FASTA","maxLabel":"GET_GENOME_FASTA","q1Label":"GET_GENOME_FASTA","q2Label":"GET_GENOME_FASTA","q3Label":"GET_GENOME_FASTA"},"memUsage":null,"timeUsage":null,"vmem":{"mean":42131456,"min":42131456,"q1":42131456,"q2":42131456,"q3":42131456,"max":42131456,"minLabel":"GET_GENOME_FASTA","maxLabel":"GET_GENOME_FASTA","q1Label":"GET_GENOME_FASTA","q2Label":"GET_GENOME_FASTA","q3Label":"GET_GENOME_FASTA"},"reads":{"mean":957737,"min":957737,"q1":957737,"q2":957737,"q3":957737,"max":957737,"minLabel":"GET_GENOME_FASTA","maxLabel":"GET_GENOME_FASTA","q1Label":"GET_GENOME_FASTA","q2Label":"GET_GENOME_FASTA","q3Label":"GET_GENOME_FASTA"},"cpu":{"mean":1,"min":1,"q1":1,"q2":1,"q3":1,"max":1,"minLabel":"GET_GENOME_FASTA","maxLabel":"GET_GENOME_FASTA","q1Label":"GET_GENOME_FASTA","q2Label":"GET_GENOME_FASTA","q3Label":"GET_GENOME_FASTA"},"time":{"mean":5278,"min":5278,"q1":5278,"q2":5278,"q3":5278,"max":5278,"minLabel":"GET_GENOME_FASTA","maxLabel":"GET_GENOME_FASTA","q1Label":"GET_GENOME_FASTA","q2Label":"GET_GENOME_FASTA","q3Label":"GET_GENOME_FASTA"},"writes":{"mean":869031,"min":869031,"q1":869031,"q2":869031,"q3":869031,"max":869031,"minLabel":"GET_GENOME_FASTA","maxLabel":"GET_GENOME_FASTA","q1Label":"GET_GENOME_FASTA","q2Label":"GET_GENOME_FASTA","q3Label":"GET_GENOME_FASTA"}},{"cpuUsage":{"mean":8.87,"min":7.5,"q1":8.2,"q2":8.9,"q3":9.55,"max":10.2,"minLabel":"GET_SRA_BY_ACCESSION (SRR935092)","maxLabel":"GET_SRA_BY_ACCESSION (SRR935091)","q1Label":"GET_SRA_BY_ACCESSION (SRR935092)","q2Label":"GET_SRA_BY_ACCESSION (SRR935090)","q3Label":"GET_SRA_BY_ACCESSION (SRR935090)"},"process":"GET_SRA_BY_ACCESSION","mem":{"mean":36526762.67,"min":36171776,"q1":36265984,"q2":36360192,"q3":36704256,"max":37048320,"minLabel":"GET_SRA_BY_ACCESSION (SRR935091)","maxLabel":"GET_SRA_BY_ACCESSION (SRR935092)","q1Label":"GET_SRA_BY_ACCESSION (SRR935091)","q2Label":"GET_SRA_BY_ACCESSION (SRR935090)","q3Label":"GET_SRA_BY_ACCESSION (SRR935090)"},"memUsage":null,"timeUsage":null,"vmem":{"mean":244129792,"min":244129792,"q1":244129792,"q2":244129792,"q3":244129792,"max":244129792,"minLabel":"GET_SRA_BY_ACCESSION (SRR935091)","maxLabel":"GET_SRA_BY_ACCESSION (SRR935092)","q1Label":"GET_SRA_BY_ACCESSION (SRR935091)","q2Label":"GET_SRA_BY_ACCESSION (SRR935090)","q3Label":"GET_SRA_BY_ACCESSION (SRR935090)"},"reads":{"mean":2427560.33,"min":2427558,"q1":2427559.5,"q2":2427561,"q3":2427561.5,"max":2427562,"minLabel":"GET_SRA_BY_ACCESSION (SRR935092)","maxLabel":"GET_SRA_BY_ACCESSION (SRR935090)","q1Label":"GET_SRA_BY_ACCESSION (SRR935092)","q2Label":"GET_SRA_BY_ACCESSION (SRR935091)","q3Label":"GET_SRA_BY_ACCESSION (SRR935091)"},"cpu":{"mean":8.87,"min":7.5,"q1":8.2,"q2":8.9,"q3":9.55,"max":10.2,"minLabel":"GET_SRA_BY_ACCESSION (SRR935092)","maxLabel":"GET_SRA_BY_ACCESSION (SRR935091)","q1Label":"GET_SRA_BY_ACCESSION (SRR935092)","q2Label":"GET_SRA_BY_ACCESSION (SRR935090)","q3Label":"GET_SRA_BY_ACCESSION (SRR935090)"},"time":{"mean":12447,"min":10469,"q1":11576,"q2":12683,"q3":13436,"max":14189,"minLabel":"GET_SRA_BY_ACCESSION (SRR935091)","maxLabel":"GET_SRA_BY_ACCESSION (SRR935092)","q1Label":"GET_SRA_BY_ACCESSION (SRR935091)","q2Label":"GET_SRA_BY_ACCESSION (SRR935090)","q3Label":"GET_SRA_BY_ACCESSION (SRR935090)"},"writes":{"mean":6767765.67,"min":5976145,"q1":6116061,"q2":6255977,"q3":7163576,"max":8071175,"minLabel":"GET_SRA_BY_ACCESSION (SRR935090)","maxLabel":"GET_SRA_BY_ACCESSION (SRR935092)","q1Label":"GET_SRA_BY_ACCESSION (SRR935090)","q2Label":"GET_SRA_BY_ACCESSION (SRR935091)","q3Label":"GET_SRA_BY_ACCESSION (SRR935091)"}},{"cpuUsage":{"mean":81.9,"min":81.9,"q1":81.9,"q2":81.9,"q3":81.9,"max":81.9,"minLabel":"INDEX_GENOME","maxLabel":"INDEX_GENOME","q1Label":"INDEX_GENOME","q2Label":"INDEX_GENOME","q3Label":"INDEX_GENOME"},"process":"INDEX_GENOME","mem":{"mean":117878784,"min":117878784,"q1":117878784,"q2":117878784,"q3":117878784,"max":117878784,"minLabel":"INDEX_GENOME","maxLabel":"INDEX_GENOME","q1Label":"INDEX_GENOME","q2Label":"INDEX_GENOME","q3Label":"INDEX_GENOME"},"memUsage":null,"timeUsage":null,"vmem":{"mean":220069888,"min":220069888,"q1":220069888,"q2":220069888,"q3":220069888,"max":220069888,"minLabel":"INDEX_GENOME","maxLabel":"INDEX_GENOME","q1Label":"INDEX_GENOME","q2Label":"INDEX_GENOME","q3Label":"INDEX_GENOME"},"reads":{"mean":13558502,"min":13558502,"q1":13558502,"q2":13558502,"q3":13558502,"max":13558502,"minLabel":"INDEX_GENOME","maxLabel":"INDEX_GENOME","q1Label":"INDEX_GENOME","q2Label":"INDEX_GENOME","q3Label":"INDEX_GENOME"},"cpu":{"mean":81.9,"min":81.9,"q1":81.9,"q2":81.9,"q3":81.9,"max":81.9,"minLabel":"INDEX_GENOME","maxLabel":"INDEX_GENOME","q1Label":"INDEX_GENOME","q2Label":"INDEX_GENOME","q3Label":"INDEX_GENOME"},"time":{"mean":4943,"min":4943,"q1":4943,"q2":4943,"q3":4943,"max":4943,"minLabel":"INDEX_GENOME","maxLabel":"INDEX_GENOME","q1Label":"INDEX_GENOME","q2Label":"INDEX_GENOME","q3Label":"INDEX_GENOME"},"writes":{"mean":15266601,"min":15266601,"q1":15266601,"q2":15266601,"q3":15266601,"max":15266601,"minLabel":"INDEX_GENOME","maxLabel":"INDEX_GENOME","q1Label":"INDEX_GENOME","q2Label":"INDEX_GENOME","q3Label":"INDEX_GENOME"}},{"cpuUsage":{"mean":114.07,"min":105.2,"q1":106.85,"q2":108.5,"q3":118.5,"max":128.5,"minLabel":"RUN_FASTQC (SRR935090)","maxLabel":"RUN_FASTQC (SRR935091)","q1Label":"RUN_FASTQC (SRR935090)","q2Label":"RUN_FASTQC (SRR935092)","q3Label":"RUN_FASTQC (SRR935092)"},"process":"RUN_FASTQC","mem":{"mean":184496128,"min":167579648,"q1":171200512,"q2":174821376,"q3":192954368,"max":211087360,"minLabel":"RUN_FASTQC (SRR935090)","maxLabel":"RUN_FASTQC (SRR935091)","q1Label":"RUN_FASTQC (SRR935090)","q2Label":"RUN_FASTQC (SRR935092)","q3Label":"RUN_FASTQC (SRR935092)"},"memUsage":null,"timeUsage":null,"vmem":{"mean":2914831018.67,"min":2913959936,"q1":2913959936,"q2":2913959936,"q3":2915266560,"max":2916573184,"minLabel":"RUN_FASTQC (SRR935091)","maxLabel":"RUN_FASTQC (SRR935090)","q1Label":"RUN_FASTQC (SRR935091)","q2Label":"RUN_FASTQC (SRR935092)","q3Label":"RUN_FASTQC (SRR935092)"},"reads":{"mean":16895240.33,"min":16821102,"q1":16858466,"q2":16895830,"q3":16932309.5,"max":16968789,"minLabel":"RUN_FASTQC (SRR935092)","maxLabel":"RUN_FASTQC (SRR935090)","q1Label":"RUN_FASTQC (SRR935092)","q2Label":"RUN_FASTQC (SRR935091)","q3Label":"RUN_FASTQC (SRR935091)"},"cpu":{"mean":114.07,"min":105.2,"q1":106.85,"q2":108.5,"q3":118.5,"max":128.5,"minLabel":"RUN_FASTQC (SRR935090)","maxLabel":"RUN_FASTQC (SRR935091)","q1Label":"RUN_FASTQC (SRR935090)","q2Label":"RUN_FASTQC (SRR935092)","q3Label":"RUN_FASTQC (SRR935092)"},"time":{"mean":6817,"min":5906,"q1":6455.5,"q2":7005,"q3":7272.5,"max":7540,"minLabel":"RUN_FASTQC (SRR935092)","maxLabel":"RUN_FASTQC (SRR935090)","q1Label":"RUN_FASTQC (SRR935092)","q2Label":"RUN_FASTQC (SRR935091)","q3Label":"RUN_FASTQC (SRR935091)"},"writes":{"mean":1911650.67,"min":1906566,"q1":1909341.5,"q2":1912117,"q3":1914193,"max":1916269,"minLabel":"RUN_FASTQC (SRR935090)","maxLabel":"RUN_FASTQC (SRR935091)","q1Label":"RUN_FASTQC (SRR935090)","q2Label":"RUN_FASTQC (SRR935092)","q3Label":"RUN_FASTQC (SRR935092)"}},{"cpuUsage":{"mean":62.03,"min":50.9,"q1":55.4,"q2":59.9,"q3":67.6,"max":75.3,"minLabel":"ALIGN_TO_GENOME (SRR935090)","maxLabel":"ALIGN_TO_GENOME (SRR935092)","q1Label":"ALIGN_TO_GENOME (SRR935090)","q2Label":"ALIGN_TO_GENOME (SRR935091)","q3Label":"ALIGN_TO_GENOME (SRR935091)"},"process":"ALIGN_TO_GENOME","mem":{"mean":33719637.33,"min":33611776,"q1":33685504,"q2":33759232,"q3":33773568,"max":33787904,"minLabel":"ALIGN_TO_GENOME (SRR935092)","maxLabel":"ALIGN_TO_GENOME (SRR935091)","q1Label":"ALIGN_TO_GENOME (SRR935092)","q2Label":"ALIGN_TO_GENOME (SRR935090)","q3Label":"ALIGN_TO_GENOME (SRR935090)"},"memUsage":null,"timeUsage":null,"vmem":{"mean":277924522.67,"min":277921792,"q1":277923840,"q2":277925888,"q3":277925888,"max":277925888,"minLabel":"ALIGN_TO_GENOME (SRR935092)","maxLabel":"ALIGN_TO_GENOME (SRR935091)","q1Label":"ALIGN_TO_GENOME (SRR935092)","q2Label":"ALIGN_TO_GENOME (SRR935090)","q3Label":"ALIGN_TO_GENOME (SRR935090)"},"reads":{"mean":13476517.67,"min":13393467,"q1":13442441.5,"q2":13491416,"q3":13518043,"max":13544670,"minLabel":"ALIGN_TO_GENOME (SRR935092)","maxLabel":"ALIGN_TO_GENOME (SRR935090)","q1Label":"ALIGN_TO_GENOME (SRR935092)","q2Label":"ALIGN_TO_GENOME (SRR935091)","q3Label":"ALIGN_TO_GENOME (SRR935091)"},"cpu":{"mean":62.03,"min":50.9,"q1":55.4,"q2":59.9,"q3":67.6,"max":75.3,"minLabel":"ALIGN_TO_GENOME (SRR935090)","maxLabel":"ALIGN_TO_GENOME (SRR935092)","q1Label":"ALIGN_TO_GENOME (SRR935090)","q2Label":"ALIGN_TO_GENOME (SRR935091)","q3Label":"ALIGN_TO_GENOME (SRR935091)"},"time":{"mean":2406,"min":2044,"q1":2184,"q2":2324,"q3":2587,"max":2850,"minLabel":"ALIGN_TO_GENOME (SRR935091)","maxLabel":"ALIGN_TO_GENOME (SRR935090)","q1Label":"ALIGN_TO_GENOME (SRR935091)","q2Label":"ALIGN_TO_GENOME (SRR935092)","q3Label":"ALIGN_TO_GENOME (SRR935092)"},"writes":{"mean":4681131,"min":4283838,"q1":4442649.5,"q2":4601461,"q3":4879777.5,"max":5158094,"minLabel":"ALIGN_TO_GENOME (SRR935091)","maxLabel":"ALIGN_TO_GENOME (SRR935092)","q1Label":"ALIGN_TO_GENOME (SRR935091)","q2Label":"ALIGN_TO_GENOME (SRR935090)","q3Label":"ALIGN_TO_GENOME (SRR935090)"}},{"cpuUsage":{"mean":42.23,"min":26.8,"q1":37.6,"q2":48.4,"q3":49.95,"max":51.5,"minLabel":"SORT_BAM (SRR935090)","maxLabel":"SORT_BAM (SRR935092)","q1Label":"SORT_BAM (SRR935090)","q2Label":"SORT_BAM (SRR935091)","q3Label":"SORT_BAM (SRR935091)"},"process":"SORT_BAM","mem":{"mean":10156714.67,"min":3653632,"q1":8409088,"q2":13164544,"q3":13408256,"max":13651968,"minLabel":"SORT_BAM (SRR935090)","maxLabel":"SORT_BAM (SRR935092)","q1Label":"SORT_BAM (SRR935090)","q2Label":"SORT_BAM (SRR935091)","q3Label":"SORT_BAM (SRR935091)"},"memUsage":null,"timeUsage":null,"vmem":{"mean":656583338.67,"min":20520960,"q1":497567744,"q2":974614528,"q3":974614528,"max":974614528,"minLabel":"SORT_BAM (SRR935090)","maxLabel":"SORT_BAM (SRR935092)","q1Label":"SORT_BAM (SRR935090)","q2Label":"SORT_BAM (SRR935091)","q3Label":"SORT_BAM (SRR935091)"},"reads":{"mean":4758257.33,"min":4360964,"q1":4519775.5,"q2":4678587,"q3":4956904,"max":5235221,"minLabel":"SORT_BAM (SRR935091)","maxLabel":"SORT_BAM (SRR935092)","q1Label":"SORT_BAM (SRR935091)","q2Label":"SORT_BAM (SRR935090)","q3Label":"SORT_BAM (SRR935090)"},"cpu":{"mean":42.23,"min":26.8,"q1":37.6,"q2":48.4,"q3":49.95,"max":51.5,"minLabel":"SORT_BAM (SRR935090)","maxLabel":"SORT_BAM (SRR935092)","q1Label":"SORT_BAM (SRR935090)","q2Label":"SORT_BAM (SRR935091)","q3Label":"SORT_BAM (SRR935091)"},"time":{"mean":390.33,"min":276,"q1":286,"q2":296,"q3":447.5,"max":599,"minLabel":"SORT_BAM (SRR935091)","maxLabel":"SORT_BAM (SRR935090)","q1Label":"SORT_BAM (SRR935091)","q2Label":"SORT_BAM (SRR935092)","q3Label":"SORT_BAM (SRR935092)"},"writes":{"mean":1101165.67,"min":1037002,"q1":1070918,"q2":1104834,"q3":1133247.5,"max":1161661,"minLabel":"SORT_BAM (SRR935092)","maxLabel":"SORT_BAM (SRR935090)","q1Label":"SORT_BAM (SRR935092)","q2Label":"SORT_BAM (SRR935091)","q3Label":"SORT_BAM (SRR935091)"}},{"cpuUsage":{"mean":52.6,"min":52.6,"q1":52.6,"q2":52.6,"q3":52.6,"max":52.6,"minLabel":"GENERATE_COUNTS_TABLE","maxLabel":"GENERATE_COUNTS_TABLE","q1Label":"GENERATE_COUNTS_TABLE","q2Label":"GENERATE_COUNTS_TABLE","q3Label":"GENERATE_COUNTS_TABLE"},"process":"GENERATE_COUNTS_TABLE","mem":{"mean":3321856,"min":3321856,"q1":3321856,"q2":3321856,"q3":3321856,"max":3321856,"minLabel":"GENERATE_COUNTS_TABLE","maxLabel":"GENERATE_COUNTS_TABLE","q1Label":"GENERATE_COUNTS_TABLE","q2Label":"GENERATE_COUNTS_TABLE","q3Label":"GENERATE_COUNTS_TABLE"},"memUsage":null,"timeUsage":null,"vmem":{"mean":19316736,"min":19316736,"q1":19316736,"q2":19316736,"q3":19316736,"max":19316736,"minLabel":"GENERATE_COUNTS_TABLE","maxLabel":"GENERATE_COUNTS_TABLE","q1Label":"GENERATE_COUNTS_TABLE","q2Label":"GENERATE_COUNTS_TABLE","q3Label":"GENERATE_COUNTS_TABLE"},"reads":{"mean":3930215,"min":3930215,"q1":3930215,"q2":3930215,"q3":3930215,"max":3930215,"minLabel":"GENERATE_COUNTS_TABLE","maxLabel":"GENERATE_COUNTS_TABLE","q1Label":"GENERATE_COUNTS_TABLE","q2Label":"GENERATE_COUNTS_TABLE","q3Label":"GENERATE_COUNTS_TABLE"},"cpu":{"mean":52.6,"min":52.6,"q1":52.6,"q2":52.6,"q3":52.6,"max":52.6,"minLabel":"GENERATE_COUNTS_TABLE","maxLabel":"GENERATE_COUNTS_TABLE","q1Label":"GENERATE_COUNTS_TABLE","q2Label":"GENERATE_COUNTS_TABLE","q3Label":"GENERATE_COUNTS_TABLE"},"time":{"mean":356,"min":356,"q1":356,"q2":356,"q3":356,"max":356,"minLabel":"GENERATE_COUNTS_TABLE","maxLabel":"GENERATE_COUNTS_TABLE","q1Label":"GENERATE_COUNTS_TABLE","q2Label":"GENERATE_COUNTS_TABLE","q3Label":"GENERATE_COUNTS_TABLE"},"writes":{"mean":160875,"min":160875,"q1":160875,"q2":160875,"q3":160875,"max":160875,"minLabel":"GENERATE_COUNTS_TABLE","maxLabel":"GENERATE_COUNTS_TABLE","q1Label":"GENERATE_COUNTS_TABLE","q2Label":"GENERATE_COUNTS_TABLE","q3Label":"GENERATE_COUNTS_TABLE"}},{"cpuUsage":{"mean":25.1,"min":25.1,"q1":25.1,"q2":25.1,"q3":25.1,"max":25.1,"minLabel":"RUN_MULTIQC","maxLabel":"RUN_MULTIQC","q1Label":"RUN_MULTIQC","q2Label":"RUN_MULTIQC","q3Label":"RUN_MULTIQC"},"process":"RUN_MULTIQC","mem":{"mean":90980352,"min":90980352,"q1":90980352,"q2":90980352,"q3":90980352,"max":90980352,"minLabel":"RUN_MULTIQC","maxLabel":"RUN_MULTIQC","q1Label":"RUN_MULTIQC","q2Label":"RUN_MULTIQC","q3Label":"RUN_MULTIQC"},"memUsage":null,"timeUsage":null,"vmem":{"mean":421249024,"min":421249024,"q1":421249024,"q2":421249024,"q3":421249024,"max":421249024,"minLabel":"RUN_MULTIQC","maxLabel":"RUN_MULTIQC","q1Label":"RUN_MULTIQC","q2Label":"RUN_MULTIQC","q3Label":"RUN_MULTIQC"},"reads":{"mean":20669829,"min":20669829,"q1":20669829,"q2":20669829,"q3":20669829,"max":20669829,"minLabel":"RUN_MULTIQC","maxLabel":"RUN_MULTIQC","q1Label":"RUN_MULTIQC","q2Label":"RUN_MULTIQC","q3Label":"RUN_MULTIQC"},"cpu":{"mean":25.1,"min":25.1,"q1":25.1,"q2":25.1,"q3":25.1,"max":25.1,"minLabel":"RUN_MULTIQC","maxLabel":"RUN_MULTIQC","q1Label":"RUN_MULTIQC","q2Label":"RUN_MULTIQC","q3Label":"RUN_MULTIQC"},"time":{"mean":17456,"min":17456,"q1":17456,"q2":17456,"q3":17456,"max":17456,"minLabel":"RUN_MULTIQC","maxLabel":"RUN_MULTIQC","q1Label":"RUN_MULTIQC","q2Label":"RUN_MULTIQC","q3Label":"RUN_MULTIQC"},"writes":{"mean":2542454,"min":2542454,"q1":2542454,"q2":2542454,"q3":2542454,"max":2542454,"minLabel":"RUN_MULTIQC","maxLabel":"RUN_MULTIQC","q1Label":"RUN_MULTIQC","q2Label":"RUN_MULTIQC","q3Label":"RUN_MULTIQC"}}]
Dec-03 20:00:24.615 [main] DEBUG nextflow.trace.TimelineObserver - Flow completing -- rendering html timeline
Dec-03 20:00:26.708 [main] DEBUG nextflow.CacheDB - Closing CacheDB done
Dec-03 20:00:26.742 [main] DEBUG nextflow.script.ScriptRunner - > Execution complete -- Goodbye
