Building DAG of jobs...
Using shell: /usr/bin/bash
Provided cores: 2
Rules claiming more threads will be scaled down.
Job stats:
job                     count    min threads    max threads
--------------------  -------  -------------  -------------
align_to_genome             3              1              1
all                         1              1              1
fastqc                      3              1              1
generate_count_table        1              1              1
generate_rulegraph          1              1              1
get_SRA_by_accession        3              1              1
get_genome_fasta            1              1              1
get_genome_gff3             1              1              1
index_genome                1              1              1
multiqc                     1              1              1
sort_bam                    3              1              1
total                      19              1              1

Select jobs to execute...

[Thu Dec  2 13:38:06 2021]
rule get_genome_gff3:
    output: data/raw_external/NCTC8325.gff3.gz
    jobid: 13
    reason: Missing output files: data/raw_external/NCTC8325.gff3.gz
    resources: tmpdir=/tmp


        wget ftp://ftp.ensemblgenomes.org/pub/bacteria/release-37/gff3/bacteria_18_collection/staphylococcus_aureus_subsp_aureus_nctc_8325//Staphylococcus_aureus_subsp_aureus_nctc_8325.ASM1342v1.37.gff3.gz -O data/raw_external/NCTC8325.gff3.gz
        

[Thu Dec  2 13:38:06 2021]
rule generate_rulegraph:
    output: results/rulegraph.png
    jobid: 18
    reason: Missing output files: results/rulegraph.png
    resources: tmpdir=/tmp


        snakemake --snakefile snakefile_mrsa.smk --config max_reads=0 --rulegraph | dot -Tpng > results/rulegraph.png
        
[Thu Dec  2 13:38:07 2021]
Finished job 18.
1 of 19 steps (5%) done
Select jobs to execute...

[Thu Dec  2 13:38:07 2021]
rule get_SRA_by_accession:
    output: data/raw_internal/SRR935090.fastq.gz
    jobid: 4
    reason: Missing output files: data/raw_internal/SRR935090.fastq.gz
    wildcards: sra_id=SRR935090
    resources: tmpdir=/tmp


        fastq-dump SRR935090 -X 25000 --readids             --dumpbase --skip-technical --gzip -Z > data/raw_internal/SRR935090.fastq.gz
        
[Thu Dec  2 13:38:10 2021]
Finished job 13.
2 of 19 steps (11%) done
Select jobs to execute...

[Thu Dec  2 13:38:10 2021]
rule get_SRA_by_accession:
    output: data/raw_internal/SRR935092.fastq.gz
    jobid: 12
    reason: Missing output files: data/raw_internal/SRR935092.fastq.gz
    wildcards: sra_id=SRR935092
    resources: tmpdir=/tmp


        fastq-dump SRR935092 -X 25000 --readids             --dumpbase --skip-technical --gzip -Z > data/raw_internal/SRR935092.fastq.gz
        
[Thu Dec  2 13:38:19 2021]
Finished job 4.
3 of 19 steps (16%) done
Select jobs to execute...

[Thu Dec  2 13:38:19 2021]
rule get_SRA_by_accession:
    output: data/raw_internal/SRR935091.fastq.gz
    jobid: 9
    reason: Missing output files: data/raw_internal/SRR935091.fastq.gz
    wildcards: sra_id=SRR935091
    resources: tmpdir=/tmp


        fastq-dump SRR935091 -X 25000 --readids             --dumpbase --skip-technical --gzip -Z > data/raw_internal/SRR935091.fastq.gz
        
[Thu Dec  2 13:38:19 2021]
Finished job 12.
4 of 19 steps (21%) done
Select jobs to execute...

[Thu Dec  2 13:38:19 2021]
rule fastqc:
    input: data/raw_internal/SRR935092.fastq.gz
    output: results/SRR935092_fastqc.html, intermediate/SRR935092_fastqc.zip
    jobid: 17
    reason: Missing output files: intermediate/SRR935092_fastqc.zip; Input files updated by another job: data/raw_internal/SRR935092.fastq.gz
    wildcards: id=SRR935092
    resources: tmpdir=/tmp


        # Run fastQC and save the output to the current directory
        fastqc data/raw_internal/SRR935092.fastq.gz -q -o .

        # Move the files which are used in the workflow
        mv SRR935092_fastqc.html results/SRR935092_fastqc.html
        mv SRR935092_fastqc.zip intermediate/SRR935092_fastqc.zip
        
[Thu Dec  2 13:38:29 2021]
Finished job 9.
5 of 19 steps (26%) done
Select jobs to execute...

[Thu Dec  2 13:38:29 2021]
rule fastqc:
    input: data/raw_internal/SRR935091.fastq.gz
    output: results/SRR935091_fastqc.html, intermediate/SRR935091_fastqc.zip
    jobid: 16
    reason: Missing output files: intermediate/SRR935091_fastqc.zip; Input files updated by another job: data/raw_internal/SRR935091.fastq.gz
    wildcards: id=SRR935091
    resources: tmpdir=/tmp


        # Run fastQC and save the output to the current directory
        fastqc data/raw_internal/SRR935091.fastq.gz -q -o .

        # Move the files which are used in the workflow
        mv SRR935091_fastqc.html results/SRR935091_fastqc.html
        mv SRR935091_fastqc.zip intermediate/SRR935091_fastqc.zip
        
[Thu Dec  2 13:38:32 2021]
Finished job 17.
6 of 19 steps (32%) done
Select jobs to execute...

[Thu Dec  2 13:38:32 2021]
rule get_genome_fasta:
    output: data/raw_external/NCTC8325.fa.gz
    jobid: 6
    reason: Missing output files: data/raw_external/NCTC8325.fa.gz
    resources: tmpdir=/tmp


        wget ftp://ftp.ensemblgenomes.org/pub/bacteria/release-37/fasta/bacteria_18_collection/staphylococcus_aureus_subsp_aureus_nctc_8325/dna//Staphylococcus_aureus_subsp_aureus_nctc_8325.ASM1342v1.dna_rm.toplevel.fa.gz -O data/raw_external/NCTC8325.fa.gz
        
[Thu Dec  2 13:38:35 2021]
Finished job 16.
7 of 19 steps (37%) done
Select jobs to execute...

[Thu Dec  2 13:38:35 2021]
rule fastqc:
    input: data/raw_internal/SRR935090.fastq.gz
    output: results/SRR935090_fastqc.html, intermediate/SRR935090_fastqc.zip
    jobid: 15
    reason: Missing output files: intermediate/SRR935090_fastqc.zip; Input files updated by another job: data/raw_internal/SRR935090.fastq.gz
    wildcards: id=SRR935090
    resources: tmpdir=/tmp


        # Run fastQC and save the output to the current directory
        fastqc data/raw_internal/SRR935090.fastq.gz -q -o .

        # Move the files which are used in the workflow
        mv SRR935090_fastqc.html results/SRR935090_fastqc.html
        mv SRR935090_fastqc.zip intermediate/SRR935090_fastqc.zip
        
[Thu Dec  2 13:38:35 2021]
Finished job 6.
8 of 19 steps (42%) done
Select jobs to execute...

[Thu Dec  2 13:38:35 2021]
rule index_genome:
    input: data/raw_external/NCTC8325.fa.gz
    output: intermediate/NCTC8325.1.bt2, intermediate/NCTC8325.2.bt2, intermediate/NCTC8325.3.bt2, intermediate/NCTC8325.4.bt2, intermediate/NCTC8325.rev.1.bt2, intermediate/NCTC8325.rev.2.bt2
    jobid: 5
    reason: Missing output files: intermediate/NCTC8325.2.bt2, intermediate/NCTC8325.1.bt2, intermediate/NCTC8325.rev.2.bt2, intermediate/NCTC8325.4.bt2, intermediate/NCTC8325.3.bt2, intermediate/NCTC8325.rev.1.bt2; Input files updated by another job: data/raw_external/NCTC8325.fa.gz
    resources: tmpdir=/tmp


        # Bowtie2 cannot use .gz, so unzip to a temporary file first
        gunzip -c data/raw_external/NCTC8325.fa.gz > tempfile
        bowtie2-build tempfile intermediate/NCTC8325

        # Remove the temporary file
        rm tempfile
        
[Thu Dec  2 13:38:41 2021]
Finished job 5.
9 of 19 steps (47%) done
Select jobs to execute...

[Thu Dec  2 13:38:41 2021]
rule align_to_genome:
    input: data/raw_internal/SRR935090.fastq.gz, intermediate/NCTC8325.1.bt2, intermediate/NCTC8325.2.bt2, intermediate/NCTC8325.3.bt2, intermediate/NCTC8325.4.bt2, intermediate/NCTC8325.rev.1.bt2, intermediate/NCTC8325.rev.2.bt2
    output: intermediate/SRR935090.bam
    jobid: 3
    reason: Missing output files: intermediate/SRR935090.bam; Input files updated by another job: intermediate/NCTC8325.2.bt2, intermediate/NCTC8325.rev.2.bt2, intermediate/NCTC8325.4.bt2, intermediate/NCTC8325.3.bt2, data/raw_internal/SRR935090.fastq.gz, intermediate/NCTC8325.rev.1.bt2, intermediate/NCTC8325.1.bt2
    wildcards: sra_id=SRR935090
    resources: tmpdir=/tmp


        bowtie2 -x intermediate/NCTC8325 -U data/raw_internal/SRR935090.fastq.gz > intermediate/SRR935090.bam
        
[Thu Dec  2 13:38:42 2021]
Finished job 15.
10 of 19 steps (53%) done
Select jobs to execute...

[Thu Dec  2 13:38:42 2021]
rule align_to_genome:
    input: data/raw_internal/SRR935092.fastq.gz, intermediate/NCTC8325.1.bt2, intermediate/NCTC8325.2.bt2, intermediate/NCTC8325.3.bt2, intermediate/NCTC8325.4.bt2, intermediate/NCTC8325.rev.1.bt2, intermediate/NCTC8325.rev.2.bt2
    output: intermediate/SRR935092.bam
    jobid: 11
    reason: Missing output files: intermediate/SRR935092.bam; Input files updated by another job: intermediate/NCTC8325.2.bt2, intermediate/NCTC8325.rev.2.bt2, intermediate/NCTC8325.4.bt2, intermediate/NCTC8325.3.bt2, data/raw_internal/SRR935092.fastq.gz, intermediate/NCTC8325.rev.1.bt2, intermediate/NCTC8325.1.bt2
    wildcards: sra_id=SRR935092
    resources: tmpdir=/tmp


        bowtie2 -x intermediate/NCTC8325 -U data/raw_internal/SRR935092.fastq.gz > intermediate/SRR935092.bam
        
[Thu Dec  2 13:38:43 2021]
Finished job 3.
11 of 19 steps (58%) done
Select jobs to execute...

[Thu Dec  2 13:38:43 2021]
rule sort_bam:
    input: intermediate/SRR935090.bam
    output: intermediate/SRR935090.sorted.bam
    jobid: 2
    reason: Missing output files: intermediate/SRR935090.sorted.bam; Input files updated by another job: intermediate/SRR935090.bam
    wildcards: sra_id=SRR935090
    resources: tmpdir=/tmp


        samtools sort intermediate/SRR935090.bam > intermediate/SRR935090.sorted.bam
        
[Thu Dec  2 13:38:43 2021]
Finished job 11.
12 of 19 steps (63%) done
Select jobs to execute...

[Thu Dec  2 13:38:43 2021]
rule sort_bam:
    input: intermediate/SRR935092.bam
    output: intermediate/SRR935092.sorted.bam
    jobid: 10
    reason: Missing output files: intermediate/SRR935092.sorted.bam; Input files updated by another job: intermediate/SRR935092.bam
    wildcards: sra_id=SRR935092
    resources: tmpdir=/tmp


        samtools sort intermediate/SRR935092.bam > intermediate/SRR935092.sorted.bam
        
[Thu Dec  2 13:38:44 2021]
Finished job 2.
13 of 19 steps (68%) done
Select jobs to execute...

[Thu Dec  2 13:38:44 2021]
rule multiqc:
    input: intermediate/SRR935090_fastqc.zip, intermediate/SRR935091_fastqc.zip, intermediate/SRR935092_fastqc.zip
    output: results/multiqc.html, intermediate/multiqc_general_stats.txt
    jobid: 14
    reason: Missing output files: results/multiqc.html; Input files updated by another job: intermediate/SRR935091_fastqc.zip, intermediate/SRR935090_fastqc.zip, intermediate/SRR935092_fastqc.zip
    resources: tmpdir=/tmp


        # Run multiQC and keep the html report
        multiqc -n multiqc.html intermediate/SRR935090_fastqc.zip intermediate/SRR935091_fastqc.zip intermediate/SRR935092_fastqc.zip
        mv multiqc.html results/multiqc.html
        mv multiqc_data/multiqc_general_stats.txt intermediate/multiqc_general_stats.txt

        # Remove the other directory that multiQC creates
        rm -rf multiqc_data
        
[Thu Dec  2 13:38:44 2021]
Finished job 10.
14 of 19 steps (74%) done
Select jobs to execute...

[Thu Dec  2 13:38:44 2021]
rule align_to_genome:
    input: data/raw_internal/SRR935091.fastq.gz, intermediate/NCTC8325.1.bt2, intermediate/NCTC8325.2.bt2, intermediate/NCTC8325.3.bt2, intermediate/NCTC8325.4.bt2, intermediate/NCTC8325.rev.1.bt2, intermediate/NCTC8325.rev.2.bt2
    output: intermediate/SRR935091.bam
    jobid: 8
    reason: Missing output files: intermediate/SRR935091.bam; Input files updated by another job: intermediate/NCTC8325.2.bt2, data/raw_internal/SRR935091.fastq.gz, intermediate/NCTC8325.rev.2.bt2, intermediate/NCTC8325.4.bt2, intermediate/NCTC8325.3.bt2, intermediate/NCTC8325.rev.1.bt2, intermediate/NCTC8325.1.bt2
    wildcards: sra_id=SRR935091
    resources: tmpdir=/tmp


        bowtie2 -x intermediate/NCTC8325 -U data/raw_internal/SRR935091.fastq.gz > intermediate/SRR935091.bam
        
[Thu Dec  2 13:38:45 2021]
Finished job 8.
15 of 19 steps (79%) done
Select jobs to execute...

[Thu Dec  2 13:38:45 2021]
rule sort_bam:
    input: intermediate/SRR935091.bam
    output: intermediate/SRR935091.sorted.bam
    jobid: 7
    reason: Missing output files: intermediate/SRR935091.sorted.bam; Input files updated by another job: intermediate/SRR935091.bam
    wildcards: sra_id=SRR935091
    resources: tmpdir=/tmp


        samtools sort intermediate/SRR935091.bam > intermediate/SRR935091.sorted.bam
        
[Thu Dec  2 13:38:45 2021]
Finished job 7.
16 of 19 steps (84%) done
Select jobs to execute...

[Thu Dec  2 13:38:45 2021]
rule generate_count_table:
    input: intermediate/SRR935090.sorted.bam, intermediate/SRR935091.sorted.bam, intermediate/SRR935092.sorted.bam, data/raw_external/NCTC8325.gff3.gz
    output: results/tables/counts.tsv
    jobid: 1
    reason: Missing output files: results/tables/counts.tsv; Input files updated by another job: intermediate/SRR935091.sorted.bam, intermediate/SRR935090.sorted.bam, data/raw_external/NCTC8325.gff3.gz, intermediate/SRR935092.sorted.bam
    resources: tmpdir=/tmp


        featureCounts -t gene -g gene_id -a data/raw_external/NCTC8325.gff3.gz -o results/tables/counts.tsv intermediate/SRR935090.sorted.bam intermediate/SRR935091.sorted.bam intermediate/SRR935092.sorted.bam
        
[Thu Dec  2 13:38:46 2021]
Finished job 1.
17 of 19 steps (89%) done
[Thu Dec  2 13:39:04 2021]
Finished job 14.
18 of 19 steps (95%) done
Select jobs to execute...

[Thu Dec  2 13:39:04 2021]
localrule all:
    input: results/tables/counts.tsv, results/multiqc.html, results/rulegraph.png
    jobid: 0
    reason: Input files updated by another job: results/tables/counts.tsv, results/rulegraph.png, results/multiqc.html
    resources: tmpdir=/tmp

[Thu Dec  2 13:39:04 2021]
Finished job 0.
19 of 19 steps (100%) done
Complete log: /home/dinesh/TUT/workshop-reproducible-research/tutorials/snakemake/.snakemake/log/2021-12-02T133804.995479.snakemake.log
