Building DAG of jobs...
Using shell: /usr/bin/bash
Provided cores: 1 (use --cores to define parallelism)
Rules claiming more threads will be scaled down.
Job stats:
job                  count    min threads    max threads
-----------------  -------  -------------  -------------
concatenate_files        1              1              1
total                    1              1              1

Select jobs to execute...

[Thu Dec  2 12:20:37 2021]
rule concatenate_files:
    input: a.upper.txt, b.upper.txt
    output: a_b.txt
    jobid: 0
    wildcards: first=a, second=b
    resources: tmpdir=/tmp

[Thu Dec  2 12:20:37 2021]
Finished job 0.
1 of 1 steps (100%) done
Complete log: /home/dinesh/TUT/workshop-reproducible-research/tutorials/snakemake/.snakemake/log/2021-12-02T122036.817357.snakemake.log
